0 info it worked if it ends with ok
1 verbose cli [ '/usr/bin/node', '/usr/bin/npm', 'install', '-g', 'pageres' ]
2 info using npm@1.4.23
3 info using node@v0.10.31
4 verbose node symlink /usr/bin/node
5 verbose cache add [ 'pageres', null ]
6 verbose cache add name=undefined spec="pageres" args=["pageres",null]
7 verbose parsed url { protocol: null,
7 verbose parsed url   slashes: null,
7 verbose parsed url   auth: null,
7 verbose parsed url   host: null,
7 verbose parsed url   port: null,
7 verbose parsed url   hostname: null,
7 verbose parsed url   hash: null,
7 verbose parsed url   search: null,
7 verbose parsed url   query: null,
7 verbose parsed url   pathname: 'pageres',
7 verbose parsed url   path: 'pageres',
7 verbose parsed url   href: 'pageres' }
8 silly lockFile 729d1ba6-pageres pageres
9 verbose lock pageres /home/vagrant/.npm/729d1ba6-pageres.lock
10 silly lockFile 729d1ba6-pageres pageres
11 silly lockFile 729d1ba6-pageres pageres
12 verbose addNamed [ 'pageres', '' ]
13 verbose addNamed [ null, '*' ]
14 silly lockFile fb53d90a-pageres pageres@
15 verbose lock pageres@ /home/vagrant/.npm/fb53d90a-pageres.lock
16 silly addNameRange { name: 'pageres', range: '*', hasData: false }
17 verbose request where is /pageres
18 verbose request registry https://registry.npmjs.org/
19 verbose request id 1dacfbf2421c2700
20 verbose url raw /pageres
21 verbose url resolving [ 'https://registry.npmjs.org/', './pageres' ]
22 verbose url resolved https://registry.npmjs.org/pageres
23 verbose request where is https://registry.npmjs.org/pageres
24 info trying registry request attempt 1 at 16:17:22
25 http GET https://registry.npmjs.org/pageres
26 http 200 https://registry.npmjs.org/pageres
27 silly registry.get cb [ 200,
27 silly registry.get   { date: 'Fri, 29 Aug 2014 16:17:25 GMT',
27 silly registry.get     server: 'CouchDB/1.5.0 (Erlang OTP/R16B03)',
27 silly registry.get     etag: '"EUR82LUQRJU9FF3AT4762ZVO"',
27 silly registry.get     'content-type': 'application/json',
27 silly registry.get     'cache-control': 'max-age=60',
27 silly registry.get     'content-length': '22823',
27 silly registry.get     'accept-ranges': 'bytes',
27 silly registry.get     via: '1.1 varnish',
27 silly registry.get     age: '0',
27 silly registry.get     'x-served-by': 'cache-fra1227-FRA',
27 silly registry.get     'x-cache': 'MISS',
27 silly registry.get     'x-cache-hits': '0',
27 silly registry.get     'x-timer': 'S1409329045.466320,VS0,VE353',
27 silly registry.get     vary: 'Accept',
27 silly registry.get     'keep-alive': 'timeout=10, max=50',
27 silly registry.get     connection: 'Keep-Alive' } ]
28 silly addNameRange number 2 { name: 'pageres', range: '*', hasData: true }
29 silly addNameRange versions [ 'pageres',
29 silly addNameRange   [ '0.1.0',
29 silly addNameRange     '0.1.1',
29 silly addNameRange     '0.1.2',
29 silly addNameRange     '0.1.3',
29 silly addNameRange     '0.1.4',
29 silly addNameRange     '0.2.0',
29 silly addNameRange     '0.2.1',
29 silly addNameRange     '0.2.2',
29 silly addNameRange     '0.2.3',
29 silly addNameRange     '0.3.0',
29 silly addNameRange     '0.4.0',
29 silly addNameRange     '0.4.1' ] ]
30 verbose addNamed [ 'pageres', '0.4.1' ]
31 verbose addNamed [ '0.4.1', '0.4.1' ]
32 silly lockFile c18a8f87-pageres-0-4-1 pageres@0.4.1
33 verbose lock pageres@0.4.1 /home/vagrant/.npm/c18a8f87-pageres-0-4-1.lock
34 silly lockFile 38767cd4-js-org-pageres-pageres-0-4-1-tgz https://registry.npmjs.org/pageres/-/pageres-0.4.1.tgz
35 verbose lock https://registry.npmjs.org/pageres/-/pageres-0.4.1.tgz /home/vagrant/.npm/38767cd4-js-org-pageres-pageres-0-4-1-tgz.lock
36 verbose addRemoteTarball [ 'https://registry.npmjs.org/pageres/-/pageres-0.4.1.tgz',
36 verbose addRemoteTarball   '7321e800166ed9d46117325d6d51520dec8b47df' ]
37 info retry fetch attempt 1 at 16:17:26
38 verbose fetch to= /tmp/npm-13860-XkFtBvVP/registry.npmjs.org/pageres/-/pageres-0.4.1.tgz
39 http GET https://registry.npmjs.org/pageres/-/pageres-0.4.1.tgz
40 http 200 https://registry.npmjs.org/pageres/-/pageres-0.4.1.tgz
41 silly lockFile 38767cd4-js-org-pageres-pageres-0-4-1-tgz https://registry.npmjs.org/pageres/-/pageres-0.4.1.tgz
42 silly lockFile 38767cd4-js-org-pageres-pageres-0-4-1-tgz https://registry.npmjs.org/pageres/-/pageres-0.4.1.tgz
43 silly lockFile c18a8f87-pageres-0-4-1 pageres@0.4.1
44 silly lockFile c18a8f87-pageres-0-4-1 pageres@0.4.1
45 silly lockFile fb53d90a-pageres pageres@
46 silly lockFile fb53d90a-pageres pageres@
47 silly resolved [ { name: 'pageres',
47 silly resolved     version: '0.4.1',
47 silly resolved     description: 'Responsive website screenshots',
47 silly resolved     license: 'MIT',
47 silly resolved     repository: { type: 'git', url: 'git://github.com/sindresorhus/pageres' },
47 silly resolved     bin: { pageres: 'cli.js' },
47 silly resolved     author:
47 silly resolved      { name: 'Sindre Sorhus',
47 silly resolved        email: 'sindresorhus@gmail.com',
47 silly resolved        url: 'http://sindresorhus.com' },
47 silly resolved     engines: { node: '>=0.10.0' },
47 silly resolved     scripts: { test: 'node test/test.js' },
47 silly resolved     files: [ 'index.js', 'cli.js', 'converter.js' ],
47 silly resolved     keywords:
47 silly resolved      [ 'cli',
47 silly resolved        'bin',
47 silly resolved        'page',
47 silly resolved        'website',
47 silly resolved        'site',
47 silly resolved        'web',
47 silly resolved        'url',
47 silly resolved        'resolution',
47 silly resolved        'size',
47 silly resolved        'screenshot',
47 silly resolved        'screen',
47 silly resolved        'responsive',
47 silly resolved        'gulpfriendly',
47 silly resolved        'phantom',
47 silly resolved        'phantomjs',
47 silly resolved        'image' ],
47 silly resolved     dependencies:
47 silly resolved      { 'base64-stream': '^0.1.2',
47 silly resolved        chalk: '^0.5.0',
47 silly resolved        'each-async': '^0.1.2',
47 silly resolved        'file-url': '^0.1.0',
47 silly resolved        'get-res': '^0.2.1',
47 silly resolved        'get-stdin': '^0.1.0',
47 silly resolved        lodash: '^2.4.1',
47 silly resolved        'log-symbols': '^1.0.0',
47 silly resolved        'memoize-async': '^1.0.1',
47 silly resolved        mkdirp: '^0.5.0',
47 silly resolved        multiline: '^0.3.0',
47 silly resolved        nopt: '^3.0.0',
47 silly resolved        'object-assign': '^0.3.1',
47 silly resolved        'parse-cookie-phantomjs': '^1.0.0',
47 silly resolved        phantomjs: '1.9.2-6',
47 silly resolved        'slugify-url': '^1.2.0',
47 silly resolved        subarg: '^0.0.1',
47 silly resolved        'sudo-block': '^0.4.0',
47 silly resolved        'tough-cookie': '^0.12.1',
47 silly resolved        'update-notifier': '^0.2.0',
47 silly resolved        'viewport-list': '^0.2.0' },
47 silly resolved     devDependencies:
47 silly resolved      { ava: '0.0.3',
47 silly resolved        'concat-stream': '^1.4.5',
47 silly resolved        'image-size': '^0.3.0',
47 silly resolved        express: '^4.7.1',
47 silly resolved        'png-js': '^0.1.1',
47 silly resolved        'cookie-parser': '^1.3.2' },
47 silly resolved     gitHead: 'dd8155451ea027a6d24e098e44cc4a62b03b4abb',
47 silly resolved     bugs: { url: 'https://github.com/sindresorhus/pageres/issues' },
47 silly resolved     homepage: 'https://github.com/sindresorhus/pageres',
47 silly resolved     _id: 'pageres@0.4.1',
47 silly resolved     _shasum: '7321e800166ed9d46117325d6d51520dec8b47df',
47 silly resolved     _from: 'pageres@',
47 silly resolved     _npmVersion: '1.4.14',
47 silly resolved     _npmUser: { name: 'sindresorhus', email: 'sindresorhus@gmail.com' },
47 silly resolved     maintainers: [ [Object] ],
47 silly resolved     dist:
47 silly resolved      { shasum: '7321e800166ed9d46117325d6d51520dec8b47df',
47 silly resolved        tarball: 'http://registry.npmjs.org/pageres/-/pageres-0.4.1.tgz' },
47 silly resolved     directories: {},
47 silly resolved     _resolved: 'https://registry.npmjs.org/pageres/-/pageres-0.4.1.tgz' } ]
48 info install pageres@0.4.1 into /usr/lib
49 info installOne pageres@0.4.1
50 verbose lib/node_modules/pageres unbuild
51 verbose tar unpack /home/vagrant/.npm/pageres/0.4.1/package.tgz
52 silly lockFile 7ef8bd06-tar-usr-lib-node-modules-pageres tar:///usr/lib/node_modules/pageres
53 verbose lock tar:///usr/lib/node_modules/pageres /home/vagrant/.npm/7ef8bd06-tar-usr-lib-node-modules-pageres.lock
54 silly lockFile 8626276a-nt-npm-pageres-0-4-1-package-tgz tar:///home/vagrant/.npm/pageres/0.4.1/package.tgz
55 verbose lock tar:///home/vagrant/.npm/pageres/0.4.1/package.tgz /home/vagrant/.npm/8626276a-nt-npm-pageres-0-4-1-package-tgz.lock
56 silly gunzTarPerm modes [ '775', '664' ]
57 error Error: EACCES, mkdir '/usr/lib/node_modules/pageres'
57 error  { [Error: EACCES, mkdir '/usr/lib/node_modules/pageres']
57 error   errno: 3,
57 error   code: 'EACCES',
57 error   path: '/usr/lib/node_modules/pageres',
57 error   fstream_type: 'Directory',
57 error   fstream_path: '/usr/lib/node_modules/pageres',
57 error   fstream_class: 'DirWriter',
57 error   fstream_stack:
57 error    [ '/usr/lib/node_modules/npm/node_modules/fstream/lib/dir-writer.js:36:23',
57 error      '/usr/lib/node_modules/npm/node_modules/mkdirp/index.js:46:53',
57 error      'Object.oncomplete (fs.js:107:15)' ] }
58 error Please try running this command again as root/Administrator.
59 error System Linux 3.11.0-15-generic
60 error command "/usr/bin/node" "/usr/bin/npm" "install" "-g" "pageres"
61 error cwd /var/www/barcelonaITE
62 error node -v v0.10.31
63 error npm -v 1.4.23
64 error path /usr/lib/node_modules/pageres
65 error fstream_path /usr/lib/node_modules/pageres
66 error fstream_type Directory
67 error fstream_class DirWriter
68 error code EACCES
69 error errno 3
70 error stack Error: EACCES, mkdir '/usr/lib/node_modules/pageres'
71 error fstream_stack /usr/lib/node_modules/npm/node_modules/fstream/lib/dir-writer.js:36:23
71 error fstream_stack /usr/lib/node_modules/npm/node_modules/mkdirp/index.js:46:53
71 error fstream_stack Object.oncomplete (fs.js:107:15)
72 verbose exit [ 3, true ]
